producer_class	xtools.gsea.GseaPreranked
producer_timestamp	1615132467680
param	rpt_label	my_analysis
param	rnd_seed	timestamp
param	set_min	15
param	chip	/home/guille/Desktop/Omics/microarrays/Trabajo_final/GSEA_files/GSE18198_base.chip
param	zip_report	false
param	create_svgs	false
param	scoring_scheme	classic
param	rnk	/home/guille/Desktop/Omics/microarrays/Trabajo_final/GSEA_files/GSE18198_base.rnk
param	norm	meandiv
param	out	/home/guille/gsea_home/output/mar07
param	mode	Max_probe
param	include_only_symbols	true
param	help	false
param	set_max	500
param	gmx	ftp.broadinstitute.org://pub/gsea/gene_sets/h.all.v7.2.symbols.gmt
param	make_sets	true
param	plot_top_x	20
param	gui	false
param	nperm	1000
param	collapse	Collapse

file	/home/guille/gsea_home/output/mar07/my_analysis.GseaPreranked.1615132467680/index.html
